[2025-12-05 19:45:28] debug.ERROR: include(C:\wamp64\www\koko\vendor\composer/../srmklive/paypal/src/Providers/PayPalServiceProvider.php): Failed to open stream: No such file or directory {"exception":"[object] (ErrorException(code: 0): include(C:\\wamp64\\www\\koko\\vendor\\composer/../srmklive/paypal/src/Providers/PayPalServiceProvider.php): Failed to open stream: No such file or directory at C:\\wamp64\\www\\koko\\vendor\\composer\\ClassLoader.php:576)
[stacktrace]
#0 C:\\wamp64\\www\\koko\\vendor\\laravel\\framework\\src\\Illuminate\\Foundation\\Bootstrap\\HandleExceptions.php(256): Illuminate\\Foundation\\Bootstrap\\HandleExceptions->handleError(2, 'include(C:\\\\wamp...', 'C:\\\\wamp64\\\\www\\\\k...', 576)
#1 C:\\wamp64\\www\\koko\\vendor\\composer\\ClassLoader.php(576): Illuminate\\Foundation\\Bootstrap\\HandleExceptions->{closure:Illuminate\\Foundation\\Bootstrap\\HandleExceptions::forwardsTo():255}(2, 'include(C:\\\\wamp...', 'C:\\\\wamp64\\\\www\\\\k...', 576)
#2 C:\\wamp64\\www\\koko\\vendor\\composer\\ClassLoader.php(576): include('C:\\\\wamp64\\\\www\\\\k...')
#3 C:\\wamp64\\www\\koko\\vendor\\composer\\ClassLoader.php(427): {closure:Composer\\Autoload\\ClassLoader::initializeIncludeClosure():575}('C:\\\\wamp64\\\\www\\\\k...')
#4 C:\\wamp64\\www\\koko\\vendor\\laravel\\framework\\src\\Illuminate\\Foundation\\Application.php(960): Composer\\Autoload\\ClassLoader->loadClass('Srmklive\\\\PayPal...')
#5 C:\\wamp64\\www\\koko\\vendor\\laravel\\framework\\src\\Illuminate\\Foundation\\Application.php(892): Illuminate\\Foundation\\Application->resolveProvider('Srmklive\\\\PayPal...')
#6 C:\\wamp64\\www\\koko\\vendor\\laravel\\framework\\src\\Illuminate\\Foundation\\ProviderRepository.php(74): Illuminate\\Foundation\\Application->register('Srmklive\\\\PayPal...')
#7 C:\\wamp64\\www\\koko\\vendor\\laravel\\framework\\src\\Illuminate\\Foundation\\Application.php(870): Illuminate\\Foundation\\ProviderRepository->load(Array)
#8 C:\\wamp64\\www\\koko\\vendor\\laravel\\framework\\src\\Illuminate\\Foundation\\Bootstrap\\RegisterProviders.php(37): Illuminate\\Foundation\\Application->registerConfiguredProviders()
#9 C:\\wamp64\\www\\koko\\vendor\\laravel\\framework\\src\\Illuminate\\Foundation\\Application.php(341): Illuminate\\Foundation\\Bootstrap\\RegisterProviders->bootstrap(Object(Illuminate\\Foundation\\Application))
#10 C:\\wamp64\\www\\koko\\vendor\\laravel\\framework\\src\\Illuminate\\Foundation\\Console\\Kernel.php(473): Illuminate\\Foundation\\Application->bootstrapWith(Array)
#11 C:\\wamp64\\www\\koko\\vendor\\laravel\\framework\\src\\Illuminate\\Foundation\\Console\\Kernel.php(195): Illuminate\\Foundation\\Console\\Kernel->bootstrap()
#12 C:\\wamp64\\www\\koko\\vendor\\laravel\\framework\\src\\Illuminate\\Foundation\\Application.php(1234): Illuminate\\Foundation\\Console\\Kernel->handle(Object(Symfony\\Component\\Console\\Input\\ArgvInput), Object(Symfony\\Component\\Console\\Output\\ConsoleOutput))
#13 C:\\wamp64\\www\\koko\\artisan(16): Illuminate\\Foundation\\Application->handleCommand(Object(Symfony\\Component\\Console\\Input\\ArgvInput))
#14 {main}
"} 
[2025-12-05 20:14:08] debug.ERROR: include(C:\wamp64\www\koko\vendor\composer/../srmklive/paypal/src/Providers/PayPalServiceProvider.php): Failed to open stream: No such file or directory {"exception":"[object] (ErrorException(code: 0): include(C:\\wamp64\\www\\koko\\vendor\\composer/../srmklive/paypal/src/Providers/PayPalServiceProvider.php): Failed to open stream: No such file or directory at C:\\wamp64\\www\\koko\\vendor\\composer\\ClassLoader.php:576)
[stacktrace]
#0 C:\\wamp64\\www\\koko\\vendor\\laravel\\framework\\src\\Illuminate\\Foundation\\Bootstrap\\HandleExceptions.php(256): Illuminate\\Foundation\\Bootstrap\\HandleExceptions->handleError(2, 'include(C:\\\\wamp...', 'C:\\\\wamp64\\\\www\\\\k...', 576)
#1 C:\\wamp64\\www\\koko\\vendor\\composer\\ClassLoader.php(576): Illuminate\\Foundation\\Bootstrap\\HandleExceptions->{closure:Illuminate\\Foundation\\Bootstrap\\HandleExceptions::forwardsTo():255}(2, 'include(C:\\\\wamp...', 'C:\\\\wamp64\\\\www\\\\k...', 576)
#2 C:\\wamp64\\www\\koko\\vendor\\composer\\ClassLoader.php(576): include('C:\\\\wamp64\\\\www\\\\k...')
#3 C:\\wamp64\\www\\koko\\vendor\\composer\\ClassLoader.php(427): {closure:Composer\\Autoload\\ClassLoader::initializeIncludeClosure():575}('C:\\\\wamp64\\\\www\\\\k...')
#4 C:\\wamp64\\www\\koko\\vendor\\laravel\\framework\\src\\Illuminate\\Foundation\\Application.php(960): Composer\\Autoload\\ClassLoader->loadClass('Srmklive\\\\PayPal...')
#5 C:\\wamp64\\www\\koko\\vendor\\laravel\\framework\\src\\Illuminate\\Foundation\\Application.php(892): Illuminate\\Foundation\\Application->resolveProvider('Srmklive\\\\PayPal...')
#6 C:\\wamp64\\www\\koko\\vendor\\laravel\\framework\\src\\Illuminate\\Foundation\\ProviderRepository.php(74): Illuminate\\Foundation\\Application->register('Srmklive\\\\PayPal...')
#7 C:\\wamp64\\www\\koko\\vendor\\laravel\\framework\\src\\Illuminate\\Foundation\\Application.php(870): Illuminate\\Foundation\\ProviderRepository->load(Array)
#8 C:\\wamp64\\www\\koko\\vendor\\laravel\\framework\\src\\Illuminate\\Foundation\\Bootstrap\\RegisterProviders.php(37): Illuminate\\Foundation\\Application->registerConfiguredProviders()
#9 C:\\wamp64\\www\\koko\\vendor\\laravel\\framework\\src\\Illuminate\\Foundation\\Application.php(341): Illuminate\\Foundation\\Bootstrap\\RegisterProviders->bootstrap(Object(Illuminate\\Foundation\\Application))
#10 C:\\wamp64\\www\\koko\\vendor\\laravel\\framework\\src\\Illuminate\\Foundation\\Console\\Kernel.php(473): Illuminate\\Foundation\\Application->bootstrapWith(Array)
#11 C:\\wamp64\\www\\koko\\vendor\\laravel\\framework\\src\\Illuminate\\Foundation\\Console\\Kernel.php(195): Illuminate\\Foundation\\Console\\Kernel->bootstrap()
#12 C:\\wamp64\\www\\koko\\vendor\\laravel\\framework\\src\\Illuminate\\Foundation\\Application.php(1234): Illuminate\\Foundation\\Console\\Kernel->handle(Object(Symfony\\Component\\Console\\Input\\ArgvInput), Object(Symfony\\Component\\Console\\Output\\ConsoleOutput))
#13 C:\\wamp64\\www\\koko\\artisan(16): Illuminate\\Foundation\\Application->handleCommand(Object(Symfony\\Component\\Console\\Input\\ArgvInput))
#14 {main}
"} 
[2025-12-05 20:14:50] debug.ERROR: include(C:\wamp64\www\koko\vendor\composer/../srmklive/paypal/src/Providers/PayPalServiceProvider.php): Failed to open stream: No such file or directory {"exception":"[object] (ErrorException(code: 0): include(C:\\wamp64\\www\\koko\\vendor\\composer/../srmklive/paypal/src/Providers/PayPalServiceProvider.php): Failed to open stream: No such file or directory at C:\\wamp64\\www\\koko\\vendor\\composer\\ClassLoader.php:576)
[stacktrace]
#0 C:\\wamp64\\www\\koko\\vendor\\laravel\\framework\\src\\Illuminate\\Foundation\\Bootstrap\\HandleExceptions.php(256): Illuminate\\Foundation\\Bootstrap\\HandleExceptions->handleError(2, 'include(C:\\\\wamp...', 'C:\\\\wamp64\\\\www\\\\k...', 576)
#1 C:\\wamp64\\www\\koko\\vendor\\composer\\ClassLoader.php(576): Illuminate\\Foundation\\Bootstrap\\HandleExceptions->{closure:Illuminate\\Foundation\\Bootstrap\\HandleExceptions::forwardsTo():255}(2, 'include(C:\\\\wamp...', 'C:\\\\wamp64\\\\www\\\\k...', 576)
#2 C:\\wamp64\\www\\koko\\vendor\\composer\\ClassLoader.php(576): include('C:\\\\wamp64\\\\www\\\\k...')
#3 C:\\wamp64\\www\\koko\\vendor\\composer\\ClassLoader.php(427): {closure:Composer\\Autoload\\ClassLoader::initializeIncludeClosure():575}('C:\\\\wamp64\\\\www\\\\k...')
#4 C:\\wamp64\\www\\koko\\vendor\\laravel\\framework\\src\\Illuminate\\Foundation\\Application.php(960): Composer\\Autoload\\ClassLoader->loadClass('Srmklive\\\\PayPal...')
#5 C:\\wamp64\\www\\koko\\vendor\\laravel\\framework\\src\\Illuminate\\Foundation\\Application.php(892): Illuminate\\Foundation\\Application->resolveProvider('Srmklive\\\\PayPal...')
#6 C:\\wamp64\\www\\koko\\vendor\\laravel\\framework\\src\\Illuminate\\Foundation\\ProviderRepository.php(74): Illuminate\\Foundation\\Application->register('Srmklive\\\\PayPal...')
#7 C:\\wamp64\\www\\koko\\vendor\\laravel\\framework\\src\\Illuminate\\Foundation\\Application.php(870): Illuminate\\Foundation\\ProviderRepository->load(Array)
#8 C:\\wamp64\\www\\koko\\vendor\\laravel\\framework\\src\\Illuminate\\Foundation\\Bootstrap\\RegisterProviders.php(37): Illuminate\\Foundation\\Application->registerConfiguredProviders()
#9 C:\\wamp64\\www\\koko\\vendor\\laravel\\framework\\src\\Illuminate\\Foundation\\Application.php(341): Illuminate\\Foundation\\Bootstrap\\RegisterProviders->bootstrap(Object(Illuminate\\Foundation\\Application))
#10 C:\\wamp64\\www\\koko\\vendor\\laravel\\framework\\src\\Illuminate\\Foundation\\Console\\Kernel.php(473): Illuminate\\Foundation\\Application->bootstrapWith(Array)
#11 C:\\wamp64\\www\\koko\\vendor\\laravel\\framework\\src\\Illuminate\\Foundation\\Console\\Kernel.php(195): Illuminate\\Foundation\\Console\\Kernel->bootstrap()
#12 C:\\wamp64\\www\\koko\\vendor\\laravel\\framework\\src\\Illuminate\\Foundation\\Application.php(1234): Illuminate\\Foundation\\Console\\Kernel->handle(Object(Symfony\\Component\\Console\\Input\\ArgvInput), Object(Symfony\\Component\\Console\\Output\\ConsoleOutput))
#13 C:\\wamp64\\www\\koko\\artisan(16): Illuminate\\Foundation\\Application->handleCommand(Object(Symfony\\Component\\Console\\Input\\ArgvInput))
#14 {main}
"} 
[2025-12-05 21:47:46] debug.ERROR: include(C:\wamp64\www\koko\vendor\composer/../srmklive/paypal/src/Providers/PayPalServiceProvider.php): Failed to open stream: No such file or directory {"exception":"[object] (ErrorException(code: 0): include(C:\\wamp64\\www\\koko\\vendor\\composer/../srmklive/paypal/src/Providers/PayPalServiceProvider.php): Failed to open stream: No such file or directory at C:\\wamp64\\www\\koko\\vendor\\composer\\ClassLoader.php:576)
[stacktrace]
#0 C:\\wamp64\\www\\koko\\vendor\\laravel\\framework\\src\\Illuminate\\Foundation\\Bootstrap\\HandleExceptions.php(256): Illuminate\\Foundation\\Bootstrap\\HandleExceptions->handleError(2, 'include(C:\\\\wamp...', 'C:\\\\wamp64\\\\www\\\\k...', 576)
#1 C:\\wamp64\\www\\koko\\vendor\\composer\\ClassLoader.php(576): Illuminate\\Foundation\\Bootstrap\\HandleExceptions->{closure:Illuminate\\Foundation\\Bootstrap\\HandleExceptions::forwardsTo():255}(2, 'include(C:\\\\wamp...', 'C:\\\\wamp64\\\\www\\\\k...', 576)
#2 C:\\wamp64\\www\\koko\\vendor\\composer\\ClassLoader.php(576): include('C:\\\\wamp64\\\\www\\\\k...')
#3 C:\\wamp64\\www\\koko\\vendor\\composer\\ClassLoader.php(427): {closure:Composer\\Autoload\\ClassLoader::initializeIncludeClosure():575}('C:\\\\wamp64\\\\www\\\\k...')
#4 C:\\wamp64\\www\\koko\\vendor\\laravel\\framework\\src\\Illuminate\\Foundation\\Application.php(960): Composer\\Autoload\\ClassLoader->loadClass('Srmklive\\\\PayPal...')
#5 C:\\wamp64\\www\\koko\\vendor\\laravel\\framework\\src\\Illuminate\\Foundation\\Application.php(892): Illuminate\\Foundation\\Application->resolveProvider('Srmklive\\\\PayPal...')
#6 C:\\wamp64\\www\\koko\\vendor\\laravel\\framework\\src\\Illuminate\\Foundation\\ProviderRepository.php(74): Illuminate\\Foundation\\Application->register('Srmklive\\\\PayPal...')
#7 C:\\wamp64\\www\\koko\\vendor\\laravel\\framework\\src\\Illuminate\\Foundation\\Application.php(870): Illuminate\\Foundation\\ProviderRepository->load(Array)
#8 C:\\wamp64\\www\\koko\\vendor\\laravel\\framework\\src\\Illuminate\\Foundation\\Bootstrap\\RegisterProviders.php(37): Illuminate\\Foundation\\Application->registerConfiguredProviders()
#9 C:\\wamp64\\www\\koko\\vendor\\laravel\\framework\\src\\Illuminate\\Foundation\\Application.php(341): Illuminate\\Foundation\\Bootstrap\\RegisterProviders->bootstrap(Object(Illuminate\\Foundation\\Application))
#10 C:\\wamp64\\www\\koko\\vendor\\laravel\\framework\\src\\Illuminate\\Foundation\\Console\\Kernel.php(473): Illuminate\\Foundation\\Application->bootstrapWith(Array)
#11 C:\\wamp64\\www\\koko\\test_assistant_fix.php(11): Illuminate\\Foundation\\Console\\Kernel->bootstrap()
#12 {main}
"} 
